<?xml version="1.0" encoding="UTF-8"?>
<testsuite xmlns:xsi="http://www.w3.org/2001/XMLSchema-instance" xsi:noNamespaceSchemaLocation="https://maven.apache.org/surefire/maven-surefire-plugin/xsd/surefire-test-report.xsd" name="com.lostfound.models.enums.CategoryTest" time="0" tests="9" errors="0" skipped="0" failures="0">
  <properties>
[...]
</properties>
  <testcase name="valueOf_invalidName_throwsIllegalArgumentException" classname="com.lostfound.models.enums.CategoryTest" time="0"/>
  <testcase name="values_containsWallet" classname="com.lostfound.models.enums.CategoryTest" time="0"/>
  <testcase name="values_containsElectronics" classname="com.lostfound.models.enums.CategoryTest" time="0"/>
  <testcase name="valueOf_each" classname="com.lostfound.models.enums.CategoryTest" time="0"/>
  <testcase name="values_containsClothing" classname="com.lostfound.models.enums.CategoryTest" time="0"/>
  <testcase name="values_hasExactlySixEntries" classname="com.lostfound.models.enums.CategoryTest" time="0"/>
  <testcase name="values_containsOther" classname="com.lostfound.models.enums.CategoryTest" time="0"/>
  <testcase name="values_containsKeys" classname="com.lostfound.models.enums.CategoryTest" time="0"/>
  <testcase name="values_containsIdcard" classname="com.lostfound.models.enums.CategoryTest" time="0"/>
</testsuite>